[ 2013-11-11T20:23:47+08:00 ] 127.0.0.1 /homepage/
INFO: [ app_begin ] --START--
INFO: Run ReadHtmlCache Behavior [ RunTime:0.034821s ]
INFO: [ app_begin ] --END-- [ RunTime:0.058525s ]
INFO: [ view_template ] --START--
INFO: Run LocationTemplate Behavior [ RunTime:0.016761s ]
INFO: [ view_template ] --END-- [ RunTime:0.016949s ]
INFO: [ view_parse ] --START--
INFO: Run ParseTemplate Behavior [ RunTime:0.526461s ]
INFO: [ view_parse ] --END-- [ RunTime:0.526621s ]
INFO: [ view_filter ] --START--
INFO: Run ContentReplace Behavior [ RunTime:0.006338s ]
INFO: Run TokenBuild Behavior [ RunTime:0.010341s ]
INFO: Run WriteHtmlCache Behavior [ RunTime:0.005664s ]
INFO: Run ShowRuntime Behavior [ RunTime:0.006729s ]
INFO: [ view_filter ] --END-- [ RunTime:0.029411s ]
INFO: [ view_end ] --START--
INFO: Run ShowPageTrace Behavior [ RunTime:0.011479s ]
INFO: [ view_end ] --END-- [ RunTime:0.011583s ]

[ 2013-11-11T20:24:13+08:00 ] 127.0.0.1 /homepage/
INFO: [ app_begin ] --START--
INFO: Run ReadHtmlCache Behavior [ RunTime:0.001699s ]
INFO: [ app_begin ] --END-- [ RunTime:0.001892s ]
INFO: [ view_template ] --START--
INFO: Run LocationTemplate Behavior [ RunTime:0.001312s ]
INFO: [ view_template ] --END-- [ RunTime:0.001502s ]
INFO: [ view_parse ] --START--
INFO: Run ParseTemplate Behavior [ RunTime:0.015809s ]
INFO: [ view_parse ] --END-- [ RunTime:0.015939s ]
INFO: [ view_filter ] --START--
INFO: Run ContentReplace Behavior [ RunTime:0.001457s ]
INFO: Run TokenBuild Behavior [ RunTime:0.002451s ]
INFO: Run WriteHtmlCache Behavior [ RunTime:0.000871s ]
INFO: Run ShowRuntime Behavior [ RunTime:0.001311s ]
INFO: [ view_filter ] --END-- [ RunTime:0.006429s ]
INFO: [ view_end ] --START--
INFO: Run ShowPageTrace Behavior [ RunTime:0.001046s ]
INFO: [ view_end ] --END-- [ RunTime:0.001126s ]

